build/app/intermediates/manifest_merge_blame_file/release/manifest-merger-blame-release-report.txt
1<?xml version="1.0" encoding="utf-8"?>
2<manifest xmlns:android="http://schemas.android.com/apk/res/android"
3    package="com.rhinorakt.donor"
4    android:versionCode="5"
5    android:versionName="2.0.2" >
6
7    <uses-sdk
8        android:minSdkVersion="23"
9        android:targetSdkVersion="35" />
10
11    <uses-permission android:name="android.permission.ACCESS_FINE_LOCATION" />
11-->src/main/AndroidManifest.xml:2:1-74
11-->src/main/AndroidManifest.xml:2:18-72
12    <uses-permission android:name="android.permission.ACCESS_COARSE_LOCATION" />
12-->src/main/AndroidManifest.xml:3:1-76
12-->src/main/AndroidManifest.xml:3:18-74
13    <uses-permission android:name="android.permission.INTERNET" />
13-->src/main/AndroidManifest.xml:4:1-62
13-->src/main/AndroidManifest.xml:4:18-60
14    <uses-permission android:name="android.permission.CALL_PHONE" />
14-->src/main/AndroidManifest.xml:5:1-64
14-->src/main/AndroidManifest.xml:5:18-62
15    <!--
16         Required to query activities that can process text, see:
17         https://developer.android.com/training/package-visibility and
18         https://developer.android.com/reference/android/content/Intent#ACTION_PROCESS_TEXT.
19
20         In particular, this is used by the Flutter engine in io.flutter.plugin.text.ProcessTextPlugin.
21    -->
22    <queries>
22-->src/main/AndroidManifest.xml:46:5-51:15
23        <intent>
23-->src/main/AndroidManifest.xml:47:9-50:18
24            <action android:name="android.intent.action.PROCESS_TEXT" />
24-->src/main/AndroidManifest.xml:48:13-72
24-->src/main/AndroidManifest.xml:48:21-70
25
26            <data android:mimeType="text/plain" />
26-->src/main/AndroidManifest.xml:49:13-50
26-->src/main/AndroidManifest.xml:49:19-48
27        </intent>
28        <!-- Needs to be explicitly declared on Android R+ -->
29        <package android:name="com.google.android.apps.maps" />
29-->[com.google.android.gms:play-services-maps:18.2.0] AndroidManifest.xml:33:9-64
29-->[com.google.android.gms:play-services-maps:18.2.0] AndroidManifest.xml:33:18-61
30    </queries>
31
32    <uses-permission android:name="android.permission.VIBRATE" />
32-->[:flutter_local_notifications] AndroidManifest.xml:7:5-66
32-->[:flutter_local_notifications] AndroidManifest.xml:7:22-63
33    <uses-permission android:name="android.permission.POST_NOTIFICATIONS" />
33-->[:flutter_local_notifications] AndroidManifest.xml:8:5-77
33-->[:flutter_local_notifications] AndroidManifest.xml:8:22-74
34    <uses-permission android:name="android.permission.WAKE_LOCK" />
34-->[:firebase_messaging] AndroidManifest.xml:8:5-68
34-->[:firebase_messaging] AndroidManifest.xml:8:22-65
35    <uses-permission android:name="android.permission.ACCESS_NETWORK_STATE" />
35-->[:firebase_messaging] AndroidManifest.xml:9:5-79
35-->[:firebase_messaging] AndroidManifest.xml:9:22-76
36
37    <uses-feature
37-->[com.google.android.gms:play-services-maps:18.2.0] AndroidManifest.xml:26:5-28:35
38        android:glEsVersion="0x00020000"
38-->[com.google.android.gms:play-services-maps:18.2.0] AndroidManifest.xml:27:9-41
39        android:required="true" /> <!-- Required by older versions of Google Play services to create IID tokens -->
39-->[com.google.android.gms:play-services-maps:18.2.0] AndroidManifest.xml:28:9-32
40    <uses-permission android:name="com.google.android.c2dm.permission.RECEIVE" />
40-->[com.google.firebase:firebase-messaging:24.1.1] AndroidManifest.xml:26:5-82
40-->[com.google.firebase:firebase-messaging:24.1.1] AndroidManifest.xml:26:22-79
41    <uses-permission android:name="com.google.android.providers.gsf.permission.READ_GSERVICES" />
41-->[com.google.android.recaptcha:recaptcha:18.6.1] AndroidManifest.xml:9:5-98
41-->[com.google.android.recaptcha:recaptcha:18.6.1] AndroidManifest.xml:9:22-95
42
43    <permission
43-->[androidx.core:core:1.13.1] AndroidManifest.xml:22:5-24:47
44        android:name="com.rhinorakt.donor.DYNAMIC_RECEIVER_NOT_EXPORTED_PERMISSION"
44-->[androidx.core:core:1.13.1] AndroidManifest.xml:23:9-81
45        android:protectionLevel="signature" />
45-->[androidx.core:core:1.13.1] AndroidManifest.xml:24:9-44
46
47    <uses-permission android:name="com.rhinorakt.donor.DYNAMIC_RECEIVER_NOT_EXPORTED_PERMISSION" />
47-->[androidx.core:core:1.13.1] AndroidManifest.xml:26:5-97
47-->[androidx.core:core:1.13.1] AndroidManifest.xml:26:22-94
48
49    <application
50        android:name="android.app.Application"
50-->src/main/AndroidManifest.xml:8:9-42
51        android:appComponentFactory="androidx.core.app.CoreComponentFactory"
51-->[androidx.core:core:1.13.1] AndroidManifest.xml:28:18-86
52        android:extractNativeLibs="false"
53        android:icon="@mipmap/ic_launcher"
53-->src/main/AndroidManifest.xml:9:9-43
54        android:label="Rhino Rakt Donors" >
54-->src/main/AndroidManifest.xml:7:9-42
55        <activity
55-->src/main/AndroidManifest.xml:11:9-33:20
56            android:name="com.rhinorakt.donor.MainActivity"
56-->src/main/AndroidManifest.xml:13:13-41
57            android:configChanges="orientation|keyboardHidden|keyboard|screenSize|smallestScreenSize|locale|layoutDirection|fontScale|screenLayout|density|uiMode"
57-->src/main/AndroidManifest.xml:18:13-163
58            android:enableOnBackInvokedCallback="true"
58-->src/main/AndroidManifest.xml:12:13-55
59            android:exported="true"
59-->src/main/AndroidManifest.xml:14:13-36
60            android:hardwareAccelerated="true"
60-->src/main/AndroidManifest.xml:19:13-47
61            android:launchMode="singleTop"
61-->src/main/AndroidManifest.xml:15:13-43
62            android:taskAffinity=""
62-->src/main/AndroidManifest.xml:16:13-36
63            android:theme="@style/LaunchTheme"
63-->src/main/AndroidManifest.xml:17:13-47
64            android:windowSoftInputMode="adjustResize" >
64-->src/main/AndroidManifest.xml:20:13-55
65
66            <!--
67                 Specifies an Android theme to apply to this Activity as soon as
68                 the Android process has started. This theme is visible to the user
69                 while the Flutter UI initializes. After that, this theme continues
70                 to determine the Window background behind the Flutter UI.
71            -->
72            <meta-data
72-->src/main/AndroidManifest.xml:25:13-28:17
73                android:name="io.flutter.embedding.android.NormalTheme"
73-->src/main/AndroidManifest.xml:26:15-70
74                android:resource="@style/NormalTheme" />
74-->src/main/AndroidManifest.xml:27:15-52
75
76            <intent-filter>
76-->src/main/AndroidManifest.xml:29:13-32:29
77                <action android:name="android.intent.action.MAIN" />
77-->src/main/AndroidManifest.xml:30:17-68
77-->src/main/AndroidManifest.xml:30:25-66
78
79                <category android:name="android.intent.category.LAUNCHER" />
79-->src/main/AndroidManifest.xml:31:17-76
79-->src/main/AndroidManifest.xml:31:27-74
80            </intent-filter>
81        </activity>
82        <!--
83             Don't delete the meta-data below.
84             This is used by the Flutter tool to generate GeneratedPluginRegistrant.java
85        -->
86        <meta-data
86-->src/main/AndroidManifest.xml:36:9-38:33
87            android:name="flutterEmbedding"
87-->src/main/AndroidManifest.xml:37:13-44
88            android:value="2" />
88-->src/main/AndroidManifest.xml:38:13-30
89
90        <service
90-->[:geolocator_android] AndroidManifest.xml:8:9-12:56
91            android:name="com.baseflow.geolocator.GeolocatorLocationService"
91-->[:geolocator_android] AndroidManifest.xml:9:13-77
92            android:enabled="true"
92-->[:geolocator_android] AndroidManifest.xml:10:13-35
93            android:exported="false"
93-->[:geolocator_android] AndroidManifest.xml:11:13-37
94            android:foregroundServiceType="location" />
94-->[:geolocator_android] AndroidManifest.xml:12:13-53
95
96        <activity
96-->[:url_launcher_android] AndroidManifest.xml:8:9-11:74
97            android:name="io.flutter.plugins.urllauncher.WebViewActivity"
97-->[:url_launcher_android] AndroidManifest.xml:9:13-74
98            android:exported="false"
98-->[:url_launcher_android] AndroidManifest.xml:10:13-37
99            android:theme="@android:style/Theme.NoTitleBar.Fullscreen" />
99-->[:url_launcher_android] AndroidManifest.xml:11:13-71
100
101        <service
101-->[:cloud_firestore] AndroidManifest.xml:8:9-12:19
102            android:name="com.google.firebase.components.ComponentDiscoveryService"
102-->[:cloud_firestore] AndroidManifest.xml:8:18-89
103            android:directBootAware="true"
103-->[com.google.firebase:firebase-common:21.0.0] AndroidManifest.xml:32:13-43
104            android:exported="false" >
104-->[com.google.firebase:firebase-auth:23.2.0] AndroidManifest.xml:68:13-37
105            <meta-data
105-->[:cloud_firestore] AndroidManifest.xml:9:13-11:85
106                android:name="com.google.firebase.components:io.flutter.plugins.firebase.firestore.FlutterFirebaseFirestoreRegistrar"
106-->[:cloud_firestore] AndroidManifest.xml:10:17-134
107                android:value="com.google.firebase.components.ComponentRegistrar" />
107-->[:cloud_firestore] AndroidManifest.xml:11:17-82
108            <meta-data
108-->[:cloud_functions] AndroidManifest.xml:9:13-11:85
109                android:name="com.google.firebase.components:io.flutter.plugins.firebase.functions.FlutterFirebaseAppRegistrar"
109-->[:cloud_functions] AndroidManifest.xml:10:17-128
110                android:value="com.google.firebase.components.ComponentRegistrar" />
110-->[:cloud_functions] AndroidManifest.xml:11:17-82
111            <meta-data
111-->[:firebase_auth] AndroidManifest.xml:9:13-11:85
112                android:name="com.google.firebase.components:io.flutter.plugins.firebase.auth.FlutterFirebaseAuthRegistrar"
112-->[:firebase_auth] AndroidManifest.xml:10:17-124
113                android:value="com.google.firebase.components.ComponentRegistrar" />
113-->[:firebase_auth] AndroidManifest.xml:11:17-82
114            <meta-data
114-->[:firebase_messaging] AndroidManifest.xml:36:13-38:85
115                android:name="com.google.firebase.components:io.flutter.plugins.firebase.messaging.FlutterFirebaseAppRegistrar"
115-->[:firebase_messaging] AndroidManifest.xml:37:17-128
116                android:value="com.google.firebase.components.ComponentRegistrar" />
116-->[:firebase_messaging] AndroidManifest.xml:38:17-82
117            <meta-data
117-->[:firebase_core] AndroidManifest.xml:9:13-11:85
118                android:name="com.google.firebase.components:io.flutter.plugins.firebase.core.FlutterFirebaseCoreRegistrar"
118-->[:firebase_core] AndroidManifest.xml:10:17-124
119                android:value="com.google.firebase.components.ComponentRegistrar" />
119-->[:firebase_core] AndroidManifest.xml:11:17-82
120            <meta-data
120-->[com.google.firebase:firebase-auth:23.2.0] AndroidManifest.xml:69:13-71:85
121                android:name="com.google.firebase.components:com.google.firebase.auth.FirebaseAuthRegistrar"
121-->[com.google.firebase:firebase-auth:23.2.0] AndroidManifest.xml:70:17-109
122                android:value="com.google.firebase.components.ComponentRegistrar" />
122-->[com.google.firebase:firebase-auth:23.2.0] AndroidManifest.xml:71:17-82
123            <meta-data
123-->[com.google.firebase:firebase-firestore:25.1.3] AndroidManifest.xml:17:13-19:85
124                android:name="com.google.firebase.components:com.google.firebase.firestore.FirebaseFirestoreKtxRegistrar"
124-->[com.google.firebase:firebase-firestore:25.1.3] AndroidManifest.xml:18:17-122
125                android:value="com.google.firebase.components.ComponentRegistrar" />
125-->[com.google.firebase:firebase-firestore:25.1.3] AndroidManifest.xml:19:17-82
126            <meta-data
126-->[com.google.firebase:firebase-firestore:25.1.3] AndroidManifest.xml:20:13-22:85
127                android:name="com.google.firebase.components:com.google.firebase.firestore.FirestoreRegistrar"
127-->[com.google.firebase:firebase-firestore:25.1.3] AndroidManifest.xml:21:17-111
128                android:value="com.google.firebase.components.ComponentRegistrar" />
128-->[com.google.firebase:firebase-firestore:25.1.3] AndroidManifest.xml:22:17-82
129            <meta-data
129-->[com.google.firebase:firebase-functions:21.2.0] AndroidManifest.xml:15:13-17:85
130                android:name="com.google.firebase.components:com.google.firebase.functions.FirebaseFunctionsKtxRegistrar"
130-->[com.google.firebase:firebase-functions:21.2.0] AndroidManifest.xml:16:17-122
131                android:value="com.google.firebase.components.ComponentRegistrar" />
131-->[com.google.firebase:firebase-functions:21.2.0] AndroidManifest.xml:17:17-82
132            <meta-data
132-->[com.google.firebase:firebase-functions:21.2.0] AndroidManifest.xml:18:13-20:85
133                android:name="com.google.firebase.components:com.google.firebase.functions.FunctionsRegistrar"
133-->[com.google.firebase:firebase-functions:21.2.0] AndroidManifest.xml:19:17-111
134                android:value="com.google.firebase.components.ComponentRegistrar" />
134-->[com.google.firebase:firebase-functions:21.2.0] AndroidManifest.xml:20:17-82
135            <meta-data
135-->[com.google.firebase:firebase-messaging:24.1.1] AndroidManifest.xml:57:13-59:85
136                android:name="com.google.firebase.components:com.google.firebase.messaging.FirebaseMessagingKtxRegistrar"
136-->[com.google.firebase:firebase-messaging:24.1.1] AndroidManifest.xml:58:17-122
137                android:value="com.google.firebase.components.ComponentRegistrar" />
137-->[com.google.firebase:firebase-messaging:24.1.1] AndroidManifest.xml:59:17-82
138            <meta-data
138-->[com.google.firebase:firebase-messaging:24.1.1] AndroidManifest.xml:60:13-62:85
139                android:name="com.google.firebase.components:com.google.firebase.messaging.FirebaseMessagingRegistrar"
139-->[com.google.firebase:firebase-messaging:24.1.1] AndroidManifest.xml:61:17-119
140                android:value="com.google.firebase.components.ComponentRegistrar" />
140-->[com.google.firebase:firebase-messaging:24.1.1] AndroidManifest.xml:62:17-82
141            <meta-data
141-->[com.google.firebase:firebase-iid:21.1.0] AndroidManifest.xml:32:13-34:85
142                android:name="com.google.firebase.components:com.google.firebase.iid.Registrar"
142-->[com.google.firebase:firebase-iid:21.1.0] AndroidManifest.xml:33:17-96
143                android:value="com.google.firebase.components.ComponentRegistrar" />
143-->[com.google.firebase:firebase-iid:21.1.0] AndroidManifest.xml:34:17-82
144            <meta-data
144-->[com.google.firebase:firebase-installations:18.0.0] AndroidManifest.xml:15:13-17:85
145                android:name="com.google.firebase.components:com.google.firebase.installations.FirebaseInstallationsKtxRegistrar"
145-->[com.google.firebase:firebase-installations:18.0.0] AndroidManifest.xml:16:17-130
146                android:value="com.google.firebase.components.ComponentRegistrar" />
146-->[com.google.firebase:firebase-installations:18.0.0] AndroidManifest.xml:17:17-82
147            <meta-data
147-->[com.google.firebase:firebase-installations:18.0.0] AndroidManifest.xml:18:13-20:85
148                android:name="com.google.firebase.components:com.google.firebase.installations.FirebaseInstallationsRegistrar"
148-->[com.google.firebase:firebase-installations:18.0.0] AndroidManifest.xml:19:17-127
149                android:value="com.google.firebase.components.ComponentRegistrar" />
149-->[com.google.firebase:firebase-installations:18.0.0] AndroidManifest.xml:20:17-82
150            <meta-data
150-->[com.google.firebase:firebase-common-ktx:21.0.0] AndroidManifest.xml:12:13-14:85
151                android:name="com.google.firebase.components:com.google.firebase.ktx.FirebaseCommonLegacyRegistrar"
151-->[com.google.firebase:firebase-common-ktx:21.0.0] AndroidManifest.xml:13:17-116
152                android:value="com.google.firebase.components.ComponentRegistrar" />
152-->[com.google.firebase:firebase-common-ktx:21.0.0] AndroidManifest.xml:14:17-82
153            <meta-data
153-->[com.google.firebase:firebase-common:21.0.0] AndroidManifest.xml:35:13-37:85
154                android:name="com.google.firebase.components:com.google.firebase.FirebaseCommonKtxRegistrar"
154-->[com.google.firebase:firebase-common:21.0.0] AndroidManifest.xml:36:17-109
155                android:value="com.google.firebase.components.ComponentRegistrar" />
155-->[com.google.firebase:firebase-common:21.0.0] AndroidManifest.xml:37:17-82
156            <meta-data
156-->[com.google.firebase:firebase-datatransport:18.2.0] AndroidManifest.xml:25:13-27:85
157                android:name="com.google.firebase.components:com.google.firebase.datatransport.TransportRegistrar"
157-->[com.google.firebase:firebase-datatransport:18.2.0] AndroidManifest.xml:26:17-115
158                android:value="com.google.firebase.components.ComponentRegistrar" />
158-->[com.google.firebase:firebase-datatransport:18.2.0] AndroidManifest.xml:27:17-82
159        </service>
160        <service
160-->[:firebase_messaging] AndroidManifest.xml:14:9-17:72
161            android:name="io.flutter.plugins.firebase.messaging.FlutterFirebaseMessagingBackgroundService"
161-->[:firebase_messaging] AndroidManifest.xml:15:13-107
162            android:exported="false"
162-->[:firebase_messaging] AndroidManifest.xml:16:13-37
163            android:permission="android.permission.BIND_JOB_SERVICE" />
163-->[:firebase_messaging] AndroidManifest.xml:17:13-69
164        <service
164-->[:firebase_messaging] AndroidManifest.xml:18:9-24:19
165            android:name="io.flutter.plugins.firebase.messaging.FlutterFirebaseMessagingService"
165-->[:firebase_messaging] AndroidManifest.xml:19:13-97
166            android:exported="false" >
166-->[:firebase_messaging] AndroidManifest.xml:20:13-37
167            <intent-filter>
167-->[:firebase_messaging] AndroidManifest.xml:21:13-23:29
168                <action android:name="com.google.firebase.MESSAGING_EVENT" />
168-->[:firebase_messaging] AndroidManifest.xml:22:17-78
168-->[:firebase_messaging] AndroidManifest.xml:22:25-75
169            </intent-filter>
170        </service>
171
172        <receiver
172-->[:firebase_messaging] AndroidManifest.xml:26:9-33:20
173            android:name="io.flutter.plugins.firebase.messaging.FlutterFirebaseMessagingReceiver"
173-->[:firebase_messaging] AndroidManifest.xml:27:13-98
174            android:exported="true"
174-->[:firebase_messaging] AndroidManifest.xml:28:13-36
175            android:permission="com.google.android.c2dm.permission.SEND" >
175-->[:firebase_messaging] AndroidManifest.xml:29:13-73
176            <intent-filter>
176-->[:firebase_messaging] AndroidManifest.xml:30:13-32:29
177                <action android:name="com.google.android.c2dm.intent.RECEIVE" />
177-->[:firebase_messaging] AndroidManifest.xml:31:17-81
177-->[:firebase_messaging] AndroidManifest.xml:31:25-78
178            </intent-filter>
179        </receiver>
180
181        <provider
181-->[:firebase_messaging] AndroidManifest.xml:41:9-45:38
182            android:name="io.flutter.plugins.firebase.messaging.FlutterFirebaseMessagingInitProvider"
182-->[:firebase_messaging] AndroidManifest.xml:42:13-102
183            android:authorities="com.rhinorakt.donor.flutterfirebasemessaginginitprovider"
183-->[:firebase_messaging] AndroidManifest.xml:43:13-88
184            android:exported="false"
184-->[:firebase_messaging] AndroidManifest.xml:44:13-37
185            android:initOrder="99" />
185-->[:firebase_messaging] AndroidManifest.xml:45:13-35
186
187        <activity
187-->[com.google.firebase:firebase-auth:23.2.0] AndroidManifest.xml:29:9-46:20
188            android:name="com.google.firebase.auth.internal.GenericIdpActivity"
188-->[com.google.firebase:firebase-auth:23.2.0] AndroidManifest.xml:30:13-80
189            android:excludeFromRecents="true"
189-->[com.google.firebase:firebase-auth:23.2.0] AndroidManifest.xml:31:13-46
190            android:exported="true"
190-->[com.google.firebase:firebase-auth:23.2.0] AndroidManifest.xml:32:13-36
191            android:launchMode="singleTask"
191-->[com.google.firebase:firebase-auth:23.2.0] AndroidManifest.xml:33:13-44
192            android:theme="@android:style/Theme.Translucent.NoTitleBar" >
192-->[com.google.firebase:firebase-auth:23.2.0] AndroidManifest.xml:34:13-72
193            <intent-filter>
193-->[com.google.firebase:firebase-auth:23.2.0] AndroidManifest.xml:35:13-45:29
194                <action android:name="android.intent.action.VIEW" />
194-->[com.google.firebase:firebase-auth:23.2.0] AndroidManifest.xml:36:17-69
194-->[com.google.firebase:firebase-auth:23.2.0] AndroidManifest.xml:36:25-66
195
196                <category android:name="android.intent.category.DEFAULT" />
196-->[com.google.firebase:firebase-auth:23.2.0] AndroidManifest.xml:38:17-76
196-->[com.google.firebase:firebase-auth:23.2.0] AndroidManifest.xml:38:27-73
197                <category android:name="android.intent.category.BROWSABLE" />
197-->[com.google.firebase:firebase-auth:23.2.0] AndroidManifest.xml:39:17-78
197-->[com.google.firebase:firebase-auth:23.2.0] AndroidManifest.xml:39:27-75
198
199                <data
199-->src/main/AndroidManifest.xml:49:13-50
200                    android:host="firebase.auth"
201                    android:path="/"
202                    android:scheme="genericidp" />
203            </intent-filter>
204        </activity>
205        <activity
205-->[com.google.firebase:firebase-auth:23.2.0] AndroidManifest.xml:47:9-64:20
206            android:name="com.google.firebase.auth.internal.RecaptchaActivity"
206-->[com.google.firebase:firebase-auth:23.2.0] AndroidManifest.xml:48:13-79
207            android:excludeFromRecents="true"
207-->[com.google.firebase:firebase-auth:23.2.0] AndroidManifest.xml:49:13-46
208            android:exported="true"
208-->[com.google.firebase:firebase-auth:23.2.0] AndroidManifest.xml:50:13-36
209            android:launchMode="singleTask"
209-->[com.google.firebase:firebase-auth:23.2.0] AndroidManifest.xml:51:13-44
210            android:theme="@android:style/Theme.Translucent.NoTitleBar" >
210-->[com.google.firebase:firebase-auth:23.2.0] AndroidManifest.xml:52:13-72
211            <intent-filter>
211-->[com.google.firebase:firebase-auth:23.2.0] AndroidManifest.xml:53:13-63:29
212                <action android:name="android.intent.action.VIEW" />
212-->[com.google.firebase:firebase-auth:23.2.0] AndroidManifest.xml:36:17-69
212-->[com.google.firebase:firebase-auth:23.2.0] AndroidManifest.xml:36:25-66
213
214                <category android:name="android.intent.category.DEFAULT" />
214-->[com.google.firebase:firebase-auth:23.2.0] AndroidManifest.xml:38:17-76
214-->[com.google.firebase:firebase-auth:23.2.0] AndroidManifest.xml:38:27-73
215                <category android:name="android.intent.category.BROWSABLE" />
215-->[com.google.firebase:firebase-auth:23.2.0] AndroidManifest.xml:39:17-78
215-->[com.google.firebase:firebase-auth:23.2.0] AndroidManifest.xml:39:27-75
216
217                <data
217-->src/main/AndroidManifest.xml:49:13-50
218                    android:host="firebase.auth"
219                    android:path="/"
220                    android:scheme="recaptcha" />
221            </intent-filter>
222        </activity>
223
224        <uses-library
224-->[androidx.window:window:1.2.0] AndroidManifest.xml:23:9-25:40
225            android:name="androidx.window.extensions"
225-->[androidx.window:window:1.2.0] AndroidManifest.xml:24:13-54
226            android:required="false" />
226-->[androidx.window:window:1.2.0] AndroidManifest.xml:25:13-37
227        <uses-library
227-->[androidx.window:window:1.2.0] AndroidManifest.xml:26:9-28:40
228            android:name="androidx.window.sidecar"
228-->[androidx.window:window:1.2.0] AndroidManifest.xml:27:13-51
229            android:required="false" /> <!-- Needs to be explicitly declared on P+ -->
229-->[androidx.window:window:1.2.0] AndroidManifest.xml:28:13-37
230        <uses-library
230-->[com.google.android.gms:play-services-maps:18.2.0] AndroidManifest.xml:39:9-41:40
231            android:name="org.apache.http.legacy"
231-->[com.google.android.gms:play-services-maps:18.2.0] AndroidManifest.xml:40:13-50
232            android:required="false" />
232-->[com.google.android.gms:play-services-maps:18.2.0] AndroidManifest.xml:41:13-37
233
234        <receiver
234-->[com.google.firebase:firebase-messaging:24.1.1] AndroidManifest.xml:29:9-40:20
235            android:name="com.google.firebase.iid.FirebaseInstanceIdReceiver"
235-->[com.google.firebase:firebase-messaging:24.1.1] AndroidManifest.xml:30:13-78
236            android:exported="true"
236-->[com.google.firebase:firebase-messaging:24.1.1] AndroidManifest.xml:31:13-36
237            android:permission="com.google.android.c2dm.permission.SEND" >
237-->[com.google.firebase:firebase-messaging:24.1.1] AndroidManifest.xml:32:13-73
238            <intent-filter>
238-->[:firebase_messaging] AndroidManifest.xml:30:13-32:29
239                <action android:name="com.google.android.c2dm.intent.RECEIVE" />
239-->[:firebase_messaging] AndroidManifest.xml:31:17-81
239-->[:firebase_messaging] AndroidManifest.xml:31:25-78
240            </intent-filter>
241
242            <meta-data
242-->[com.google.firebase:firebase-messaging:24.1.1] AndroidManifest.xml:37:13-39:40
243                android:name="com.google.android.gms.cloudmessaging.FINISHED_AFTER_HANDLED"
243-->[com.google.firebase:firebase-messaging:24.1.1] AndroidManifest.xml:38:17-92
244                android:value="true" />
244-->[com.google.firebase:firebase-messaging:24.1.1] AndroidManifest.xml:39:17-37
245        </receiver>
246        <!--
247             FirebaseMessagingService performs security checks at runtime,
248             but set to not exported to explicitly avoid allowing another app to call it.
249        -->
250        <service
250-->[com.google.firebase:firebase-messaging:24.1.1] AndroidManifest.xml:46:9-53:19
251            android:name="com.google.firebase.messaging.FirebaseMessagingService"
251-->[com.google.firebase:firebase-messaging:24.1.1] AndroidManifest.xml:47:13-82
252            android:directBootAware="true"
252-->[com.google.firebase:firebase-messaging:24.1.1] AndroidManifest.xml:48:13-43
253            android:exported="false" >
253-->[com.google.firebase:firebase-messaging:24.1.1] AndroidManifest.xml:49:13-37
254            <intent-filter android:priority="-500" >
254-->[:firebase_messaging] AndroidManifest.xml:21:13-23:29
255                <action android:name="com.google.firebase.MESSAGING_EVENT" />
255-->[:firebase_messaging] AndroidManifest.xml:22:17-78
255-->[:firebase_messaging] AndroidManifest.xml:22:25-75
256            </intent-filter>
257        </service>
258        <service
258-->[androidx.credentials:credentials-play-services-auth:1.2.0-rc01] AndroidManifest.xml:24:9-32:19
259            android:name="androidx.credentials.playservices.CredentialProviderMetadataHolder"
259-->[androidx.credentials:credentials-play-services-auth:1.2.0-rc01] AndroidManifest.xml:25:13-94
260            android:enabled="true"
260-->[androidx.credentials:credentials-play-services-auth:1.2.0-rc01] AndroidManifest.xml:26:13-35
261            android:exported="false" >
261-->[androidx.credentials:credentials-play-services-auth:1.2.0-rc01] AndroidManifest.xml:27:13-37
262            <meta-data
262-->[androidx.credentials:credentials-play-services-auth:1.2.0-rc01] AndroidManifest.xml:29:13-31:104
263                android:name="androidx.credentials.CREDENTIAL_PROVIDER_KEY"
263-->[androidx.credentials:credentials-play-services-auth:1.2.0-rc01] AndroidManifest.xml:30:17-76
264                android:value="androidx.credentials.playservices.CredentialProviderPlayServicesImpl" />
264-->[androidx.credentials:credentials-play-services-auth:1.2.0-rc01] AndroidManifest.xml:31:17-101
265        </service>
266
267        <activity
267-->[androidx.credentials:credentials-play-services-auth:1.2.0-rc01] AndroidManifest.xml:34:9-41:20
268            android:name="androidx.credentials.playservices.HiddenActivity"
268-->[androidx.credentials:credentials-play-services-auth:1.2.0-rc01] AndroidManifest.xml:35:13-76
269            android:configChanges="orientation|screenSize|screenLayout|keyboardHidden"
269-->[androidx.credentials:credentials-play-services-auth:1.2.0-rc01] AndroidManifest.xml:36:13-87
270            android:enabled="true"
270-->[androidx.credentials:credentials-play-services-auth:1.2.0-rc01] AndroidManifest.xml:37:13-35
271            android:exported="false"
271-->[androidx.credentials:credentials-play-services-auth:1.2.0-rc01] AndroidManifest.xml:38:13-37
272            android:fitsSystemWindows="true"
272-->[androidx.credentials:credentials-play-services-auth:1.2.0-rc01] AndroidManifest.xml:39:13-45
273            android:theme="@style/Theme.Hidden" >
273-->[androidx.credentials:credentials-play-services-auth:1.2.0-rc01] AndroidManifest.xml:40:13-48
274        </activity>
275        <activity
275-->[com.google.android.gms:play-services-auth:20.7.0] AndroidManifest.xml:23:9-27:75
276            android:name="com.google.android.gms.auth.api.signin.internal.SignInHubActivity"
276-->[com.google.android.gms:play-services-auth:20.7.0] AndroidManifest.xml:24:13-93
277            android:excludeFromRecents="true"
277-->[com.google.android.gms:play-services-auth:20.7.0] AndroidManifest.xml:25:13-46
278            android:exported="false"
278-->[com.google.android.gms:play-services-auth:20.7.0] AndroidManifest.xml:26:13-37
279            android:theme="@android:style/Theme.Translucent.NoTitleBar" />
279-->[com.google.android.gms:play-services-auth:20.7.0] AndroidManifest.xml:27:13-72
280        <!--